<?xml version="1.0" encoding="UTF-8"?>
<Site BuildName="(empty)"
	BuildStamp="20250911-0608-Experimental"
	Name="(empty)"
	Generator="ctest-3.22.1"
	CompilerName=""
	CompilerVersion=""
	OSName="Linux"
	Hostname="0b68e7fafc80"
	OSRelease="6.2.0-060200-generic"
	OSVersion="#202302191831 SMP PREEMPT_DYNAMIC Sun Feb 19 23:37:22 UTC 2023"
	OSPlatform="x86_64"
	Is64Bits="1"
	VendorString="GenuineIntel"
	VendorID="Intel Corporation"
	FamilyID="6"
	ModelID="143"
	ProcessorCacheSize="61440"
	NumberOfLogicalCPU="128"
	NumberOfPhysicalCPU="64"
	TotalVirtualMemory="0"
	TotalPhysicalMemory="515646"
	LogicalProcessorsPerPhysical="2"
	ProcessorClockFrequency="798.919"
	>
	<Testing>
		<StartDateTime>Sep 11 06:08 UTC</StartDateTime>
		<StartTestTime>1757570919</StartTestTime>
		<TestList/>
		<EndDateTime>Sep 11 06:08 UTC</EndDateTime>
		<EndTestTime>1757570919</EndTestTime>
		<ElapsedMinutes>0</ElapsedMinutes>
	</Testing>
</Site>
